\BOOKMARK [1][-]{section.1}{\376\377\000D\000\351\000c\000i\000s\000i\000o\000n\000s}{}
\BOOKMARK [2][-]{subsection.1.1}{\376\377\000G\000e\000s\000t\000i\000o\000n\000\040\000d\000e\000s\000\040\000\351\000v\000\350\000n\000e\000m\000e\000n\000t\000s}{section.1}
\BOOKMARK [2][-]{subsection.1.2}{\376\377\000D\000i\000s\000t\000a\000n\000c\000e\000\040\000v\000e\000c\000t\000o\000r}{section.1}
\BOOKMARK [1][-]{section.2}{\376\377\000E\000v\000e\000n\000e\000m\000e\000n\000t\000s}{}
\BOOKMARK [2][-]{subsection.2.1}{\376\377\000H\000o\000t\000e\000s}{section.2}
\BOOKMARK [3][-]{subsubsection.2.1.1}{\376\377\000E\000n\000v\000o\000i\000\040\000d\000'\000u\000n\000\040\000m\000e\000s\000s\000a\000g\000e\000\040\000o\000r\000i\000g\000i\000n\000a\000l}{subsection.2.1}
\BOOKMARK [3][-]{subsubsection.2.1.2}{\376\377\000R\000\351\000c\000e\000p\000t\000i\000o\000n\000\040\000d\000'\000u\000n\000\040\000m\000e\000s\000s\000a\000g\000e}{subsection.2.1}
\BOOKMARK [3][-]{subsubsection.2.1.3}{\376\377\000F\000i\000n\000\040\000d\000e\000\040\000t\000r\000a\000i\000t\000e\000m\000e\000n\000t\000\040\000d\000'\000u\000n\000\040\000m\000e\000s\000s\000a\000g\000e}{subsection.2.1}
\BOOKMARK [3][-]{subsubsection.2.1.4}{\376\377\000T\000i\000m\000e\000o\000u\000t}{subsection.2.1}
\BOOKMARK [2][-]{subsection.2.2}{\376\377\000A\000g\000e\000n\000t\000s}{section.2}
\BOOKMARK [3][-]{subsubsection.2.2.1}{\376\377\000R\000\351\000c\000e\000p\000t\000i\000o\000n\000\040\000d\000'\000u\000n\000\040\000m\000e\000s\000s\000a\000g\000e}{subsection.2.2}
\BOOKMARK [3][-]{subsubsection.2.2.2}{\376\377\000F\000i\000n\000\040\000d\000e\000\040\000t\000r\000a\000i\000t\000e\000m\000e\000n\000t\000\040\000d\000'\000u\000n\000\040\000m\000e\000s\000s\000a\000g\000e}{subsection.2.2}
\BOOKMARK [3][-]{subsubsection.2.2.3}{\376\377\000E\000n\000v\000o\000i\000\040\000d\000e\000s\000\040\000i\000n\000f\000o\000r\000m\000a\000t\000i\000o\000n\000s\000\040\000d\000e\000\040\000r\000o\000u\000t\000a\000g\000e}{subsection.2.2}
\BOOKMARK [3][-]{subsubsection.2.2.4}{\376\377\000R\000\351\000c\000e\000p\000t\000i\000o\000n\000\040\000d\000'\000i\000n\000f\000o\000r\000m\000a\000t\000i\000o\000n\000s\000\040\000d\000e\000\040\000r\000o\000u\000t\000a\000g\000e}{subsection.2.2}
\BOOKMARK [2][-]{subsection.2.3}{\376\377\000A\000u\000t\000r\000e\000s}{section.2}
\BOOKMARK [3][-]{subsubsection.2.3.1}{\376\377\000F\000i\000n\000\040\000d\000e\000\040\000s\000i\000m\000u\000l\000a\000t\000i\000o\000n}{subsection.2.3}
\BOOKMARK [1][-]{section.3}{\376\377\000D\000\351\000l\000a\000i\000s}{}
\BOOKMARK [1][-]{section.4}{\376\377\000M\000e\000s\000s\000a\000g\000e\000s}{}
\BOOKMARK [1][-]{section.5}{\376\377\000P\000a\000r\000a\000m\000\350\000t\000r\000e\000s\000\040\000d\000u\000\040\000s\000y\000s\000t\000\350\000m\000e}{}
\BOOKMARK [2][-]{subsection.5.1}{\376\377\000H\000o\000t\000e}{section.5}
\BOOKMARK [2][-]{subsection.5.2}{\376\377\000A\000g\000e\000n\000t}{section.5}
\BOOKMARK [2][-]{subsection.5.3}{\376\377\000S\000i\000m\000u\000l\000a\000t\000i\000o\000n}{section.5}
\BOOKMARK [1][-]{section.6}{\376\377\000D\000\351\000r\000o\000u\000l\000e\000m\000e\000n\000t\000\040\000d\000e\000\040\000l\000a\000\040\000s\000i\000m\000u\000l\000a\000t\000i\000o\000n}{}
\BOOKMARK [1][-]{section.7}{\376\377\000C\000a\000l\000c\000u\000l\000\040\000e\000t\000\040\000a\000f\000f\000i\000c\000h\000a\000g\000e\000\040\000d\000e\000s\000\040\000r\000\351\000s\000u\000l\000t\000a\000t\000s}{}
\BOOKMARK [1][-]{section.8}{\376\377\000S\000i\000t\000u\000a\000t\000i\000o\000n\000\040\000p\000r\000o\000b\000l\000\351\000m\000a\000t\000i\000q\000u\000e\000\040\0001}{}
\BOOKMARK [2][-]{subsection.8.1}{\376\377\000P\000a\000r\000a\000m\000\350\000t\000r\000e\000s\000\040\000p\000r\000o\000b\000l\000\351\000m\000a\000t\000i\000q\000u\000e\000s}{section.8}
\BOOKMARK [2][-]{subsection.8.2}{\376\377\000R\000\351\000s\000o\000l\000u\000t\000i\000o\000n\000\040\000e\000t\000\040\000e\000x\000p\000l\000i\000c\000a\000t\000i\000o\000n\000s}{section.8}
\BOOKMARK [1][-]{section.9}{\376\377\000S\000i\000t\000u\000a\000t\000i\000o\000n\000\040\000p\000r\000o\000b\000l\000\351\000m\000a\000t\000i\000q\000u\000e\000\040\0002}{}
\BOOKMARK [2][-]{subsection.9.1}{\376\377\000P\000a\000r\000a\000m\000\350\000t\000r\000e\000s\000\040\000p\000r\000o\000b\000l\000\351\000m\000a\000t\000i\000q\000u\000e\000s}{section.9}
\BOOKMARK [2][-]{subsection.9.2}{\376\377\000R\000\351\000s\000o\000l\000u\000t\000i\000o\000n\000\040\000e\000t\000\040\000e\000x\000p\000l\000i\000c\000a\000t\000i\000o\000n\000s}{section.9}
\BOOKMARK [1][-]{section.10}{\376\377\000T\000a\000i\000l\000l\000e\000\040\000d\000e\000s\000\040\000b\000u\000f\000f\000e\000r\000s\000\040\000m\000i\000n\000i\000m\000a\000l\000e\000\040\000p\000o\000u\000r\000\040\000\351\000v\000i\000t\000e\000r\000\040\000t\000r\000o\000p\000\040\000d\000e\000\040\000p\000e\000r\000t\000e\000s}{}
\BOOKMARK [2][-]{subsection.10.1}{\376\377\000S\000a\000n\000s\000\040\000p\000e\000r\000t\000e\000s\000\040\000b\000r\000u\000t\000a\000l\000e\000s}{section.10}
\BOOKMARK [3][-]{subsubsection.10.1.1}{\376\377\000P\000a\000r\000a\000m\000\350\000t\000r\000e\000s\000\040\000d\000u\000\040\000s\000y\000s\000t\000\350\000m\000e}{subsection.10.1}
\BOOKMARK [3][-]{subsubsection.10.1.2}{\376\377\000R\000\351\000s\000u\000l\000t\000a\000t\000s\000\040\000e\000t\000\040\000e\000x\000p\000l\000i\000c\000a\000t\000i\000o\000n\000s}{subsection.10.1}
\BOOKMARK [2][-]{subsection.10.2}{\376\377\000A\000v\000e\000c\000\040\000p\000e\000r\000t\000e\000s\000\040\000b\000r\000u\000t\000a\000l\000e\000s}{section.10}
\BOOKMARK [3][-]{subsubsection.10.2.1}{\376\377\000P\000a\000r\000a\000m\000\350\000t\000r\000e\000s\000\040\000d\000u\000\040\000s\000y\000s\000t\000\350\000m\000e}{subsection.10.2}
\BOOKMARK [3][-]{subsubsection.10.2.2}{\376\377\000R\000\351\000s\000u\000l\000t\000a\000t\000s\000\040\000e\000t\000\040\000e\000x\000p\000l\000i\000c\000a\000t\000i\000o\000n\000s}{subsection.10.2}
\BOOKMARK [1][-]{section.11}{\376\377\000I\000m\000p\000l\000i\000c\000a\000t\000i\000o\000n\000\040\000d\000e\000s\000\040\000b\000u\000f\000f\000e\000r\000s\000\040\000s\000u\000r\000\040\000l\000e\000\040\000n\000o\000m\000b\000r\000e\000\040\000d\000e\000\040\000r\000\351\000\351\000m\000i\000s\000s\000i\000o\000n\000s}{}
\BOOKMARK [2][-]{subsection.11.1}{\376\377\000P\000a\000r\000a\000m\000\350\000t\000r\000e\000s\000\040\000d\000u\000\040\000s\000y\000s\000t\000\350\000m\000e}{section.11}
\BOOKMARK [2][-]{subsection.11.2}{\376\377\000R\000\351\000s\000u\000l\000t\000a\000t\000s\000\040\000e\000t\000\040\000e\000x\000p\000l\000i\000c\000a\000t\000i\000o\000n\000s}{section.11}
\BOOKMARK [1][-]{section.12}{\376\377\000I\000m\000p\000l\000i\000c\000a\000t\000i\000o\000n\000\040\000d\000e\000\040\000l\000a\000\040\000t\000a\000i\000l\000l\000e\000\040\000d\000e\000s\000\040\000b\000u\000f\000f\000e\000r\000s\000\040\000s\000u\000r\000\040\000l\000e\000\040\000t\000e\000m\000p\000s\000\040\000d\000e\000\040\000v\000o\000y\000a\000g\000e\000\040\000t\000o\000t\000a\000l}{}
\BOOKMARK [2][-]{subsection.12.1}{\376\377\000P\000a\000r\000a\000m\000\350\000t\000r\000e\000s\000\040\000d\000u\000\040\000s\000y\000s\000t\000\350\000m\000e}{section.12}
\BOOKMARK [2][-]{subsection.12.2}{\376\377\000R\000\351\000s\000u\000l\000t\000a\000t\000s\000\040\000e\000t\000\040\000e\000x\000p\000l\000i\000c\000a\000t\000i\000o\000n\000s}{section.12}
\BOOKMARK [1][-]{section.13}{\376\377\000A\000m\000\351\000l\000i\000o\000r\000a\000t\000i\000o\000n\000\040\000a\000p\000p\000o\000r\000t\000\351\000e\000\040\000p\000a\000r\000\040\000l\000e\000\040\000D\000V}{}
\BOOKMARK [2][-]{subsection.13.1}{\376\377\000P\000a\000r\000a\000m\000\350\000t\000r\000e\000s\000\040\000d\000u\000\040\000s\000y\000s\000t\000\350\000m\000e}{section.13}
\BOOKMARK [2][-]{subsection.13.2}{\376\377\000R\000\351\000s\000u\000l\000t\000a\000t\000s\000\040\000s\000a\000n\000s\000\040\000D\000V}{section.13}
\BOOKMARK [2][-]{subsection.13.3}{\376\377\000R\000\351\000s\000u\000l\000t\000a\000t\000s\000\040\000a\000v\000e\000c\000\040\000D\000V}{section.13}
\BOOKMARK [1][-]{appendix.A}{\376\377\000L\000e\000\040\000p\000r\000o\000g\000r\000a\000m\000m\000e\000\040\000e\000t\000\040\000s\000o\000n\000\040\000u\000t\000i\000l\000i\000s\000a\000t\000i\000o\000n}{}
\BOOKMARK [2][-]{subsection.A.1}{\376\377\000C\000o\000n\000f\000i\000g\000u\000r\000a\000t\000i\000o\000n\000\040\000e\000t\000\040\000a\000i\000d\000e}{appendix.A}
\BOOKMARK [2][-]{subsection.A.2}{\376\377\000O\000r\000g\000a\000n\000i\000s\000a\000t\000i\000o\000n\000\040\000d\000u\000\040\000c\000o\000d\000e\000\040\000s\000o\000u\000r\000c\000e}{appendix.A}
\BOOKMARK [2][-]{subsection.A.3}{\376\377\000E\000x\000\351\000c\000u\000t\000i\000o\000n\000\040\000d\000e\000\040\000l\000a\000\040\000s\000i\000m\000u\000l\000a\000t\000i\000o\000n}{appendix.A}
\BOOKMARK [2][-]{subsection.A.4}{\376\377\000C\000o\000m\000p\000i\000l\000a\000t\000i\000o\000n}{appendix.A}
\BOOKMARK [2][-]{subsection.A.5}{\376\377\000U\000M\000L}{appendix.A}
