\BOOKMARK [1][-]{section.1}{\376\377\000E\000v\000e\000n\000e\000m\000e\000n\000t\000s}{}
\BOOKMARK [2][-]{subsection.1.1}{\376\377\000H\000o\000t\000e\000s}{section.1}
\BOOKMARK [3][-]{subsubsection.1.1.1}{\376\377\000E\000n\000v\000o\000i\000\040\000d\000'\000u\000n\000\040\000m\000e\000s\000s\000a\000g\000e\000\040\000o\000r\000i\000g\000i\000n\000a\000l}{subsection.1.1}
\BOOKMARK [3][-]{subsubsection.1.1.2}{\376\377\000R\000\351\000c\000e\000p\000t\000i\000o\000n\000\040\000d\000'\000u\000n\000\040\000m\000e\000s\000s\000a\000g\000e}{subsection.1.1}
\BOOKMARK [3][-]{subsubsection.1.1.3}{\376\377\000F\000i\000n\000\040\000d\000e\000\040\000t\000r\000a\000i\000t\000e\000m\000e\000n\000t\000\040\000d\000'\000u\000n\000\040\000m\000e\000s\000s\000a\000g\000e}{subsection.1.1}
\BOOKMARK [3][-]{subsubsection.1.1.4}{\376\377\000T\000i\000m\000e\000o\000u\000t}{subsection.1.1}
\BOOKMARK [2][-]{subsection.1.2}{\376\377\000A\000g\000e\000n\000t\000s}{section.1}
\BOOKMARK [3][-]{subsubsection.1.2.1}{\376\377\000R\000\351\000c\000e\000p\000t\000i\000o\000n\000\040\000d\000'\000u\000n\000\040\000m\000e\000s\000s\000a\000g\000e}{subsection.1.2}
\BOOKMARK [3][-]{subsubsection.1.2.2}{\376\377\000F\000i\000n\000\040\000d\000e\000\040\000t\000r\000a\000i\000t\000e\000m\000e\000n\000t\000\040\000d\000'\000u\000n\000\040\000m\000e\000s\000s\000a\000g\000e}{subsection.1.2}
\BOOKMARK [3][-]{subsubsection.1.2.3}{\376\377\000E\000n\000v\000o\000i\000\040\000d\000e\000s\000\040\000i\000n\000f\000o\000r\000m\000a\000t\000i\000o\000n\000s\000\040\000d\000e\000\040\000r\000o\000u\000t\000a\000g\000e}{subsection.1.2}
\BOOKMARK [3][-]{subsubsection.1.2.4}{\376\377\000R\000\351\000c\000e\000p\000t\000i\000o\000n\000\040\000d\000'\000i\000n\000f\000o\000r\000m\000a\000t\000i\000o\000n\000s\000\040\000d\000e\000\040\000r\000o\000u\000t\000a\000g\000e}{subsection.1.2}
\BOOKMARK [1][-]{section.2}{\376\377\000R\000\351\000s\000u\000l\000t\000a\000t\000s}{}
\BOOKMARK [2][-]{subsection.2.1}{\376\377\000P\000a\000r\000a\000m\000\350\000t\000r\000e\000s\000\040\000d\000u\000\040\000s\000y\000s\000t\000\350\000m\000e}{section.2}
\BOOKMARK [3][-]{subsubsection.2.1.1}{\376\377\000H\000o\000t\000e}{subsection.2.1}
\BOOKMARK [3][-]{subsubsection.2.1.2}{\376\377\000A\000g\000e\000n\000t}{subsection.2.1}
\BOOKMARK [3][-]{subsubsection.2.1.3}{\376\377\000S\000i\000m\000u\000l\000a\000t\000i\000o\000n}{subsection.2.1}
\BOOKMARK [1][-]{section.3}{\376\377\000D\000\351\000c\000i\000s\000i\000o\000n\000s}{}
\BOOKMARK [2][-]{subsection.3.1}{\376\377\000P\000r\000i\000o\000r\000i\000t\000\351\000s\000\040\000d\000e\000s\000\040\000\351\000v\000\350\000n\000e\000m\000e\000n\000t\000s\000\040\000p\000o\000u\000r\000\040\000u\000n\000\040\000t\000e\000m\000p\000s\000\040\000t\000\040\000d\000e\000\040\000s\000i\000m\000u\000l\000a\000t\000i\000o\000n}{section.3}
\BOOKMARK [2][-]{subsection.3.2}{\376\377\000D\000i\000s\000t\000a\000n\000c\000e\000\040\000v\000e\000c\000t\000o\000r}{section.3}
\BOOKMARK [1][-]{appendix.A}{\376\377\000L\000e\000\040\000p\000r\000o\000g\000r\000a\000m\000m\000e\000\040\000e\000t\000\040\000s\000o\000n\000\040\000u\000t\000i\000l\000i\000s\000a\000t\000i\000o\000n}{}
